<?xml version="1.0" encoding="UTF-8"?>
<!-- Generated by org.testng.reporters.JUnitXMLReporter -->
<testsuite ignored="0" hostname="Prashant" failures="1" tests="5" name="BrowserWindosTest" time="18.286" errors="0" timestamp="2024-10-26T21:51:19 IST">
  <testcase classname="tests.BrowserWindosTest" name="alertFrameWindow" time="0.314"/>
  <testcase classname="tests.BrowserWindosTest" name="browserWindow" time="0.317"/>
  <testcase classname="tests.BrowserWindosTest" name="clickOnNewTab" time="2.403"/>
  <testcase classname="tests.BrowserWindosTest" name="clickOnNewWindow" time="2.424"/>
  <testcase classname="tests.BrowserWindosTest" name="clickNewWindowMessage" time="4.478">
    <failure type="org.openqa.selenium.NoSuchElementException" message="Cannot locate an element using xpath=//p/text()
For documentation on this error, please visit: https://www.seleniumhq.org/exceptions/no_such_element.html
Build info: version: &amp;apos;3.141.59&amp;apos;, revision: &amp;apos;e82be7d358&amp;apos;, time: &amp;apos;2018-11-14T08:25:48&amp;apos;
System info: host: &amp;apos;PRASHANT&amp;apos;, ip: &amp;apos;192.168.0.253&amp;apos;, os.name: &amp;apos;Windows 11&amp;apos;, os.arch: &amp;apos;amd64&amp;apos;, os.version: &amp;apos;10.0&amp;apos;, java.version: &amp;apos;22.0.1&amp;apos;
Driver info: driver.version: RemoteWebDriver">
      <![CDATA[org.openqa.selenium.NoSuchElementException: Cannot locate an element using xpath=//p/text()
For documentation on this error, please visit: https://www.seleniumhq.org/exceptions/no_such_element.html
Build info: version: '3.141.59', revision: 'e82be7d358', time: '2018-11-14T08:25:48'
System info: host: 'PRASHANT', ip: '192.168.0.253', os.name: 'Windows 11', os.arch: 'amd64', os.version: '10.0', java.version: '22.0.1'
Driver info: driver.version: RemoteWebDriver
at org.openqa.selenium.remote.RemoteWebDriver.findElement(RemoteWebDriver.java:327)
at org.openqa.selenium.remote.RemoteWebDriver.findElementByXPath(RemoteWebDriver.java:428)
at org.openqa.selenium.By$ByXPath.findElement(By.java:353)
at org.openqa.selenium.remote.RemoteWebDriver.findElement(RemoteWebDriver.java:315)
at org.openqa.selenium.support.pagefactory.DefaultElementLocator.findElement(DefaultElementLocator.java:69)
at org.openqa.selenium.support.pagefactory.internal.LocatingElementHandler.invoke(LocatingElementHandler.java:38)
at jdk.proxy2/jdk.proxy2.$Proxy11.getText(Unknown Source)
at pages.BrowserWindowPage.clicknewWindowMessage(BrowserWindowPage.java:70)
at tests.BrowserWindosTest.clickNewWindowMessage(BrowserWindosTest.java:39)
at java.base/java.util.ArrayList.forEach(ArrayList.java:1597)
... Removed 25 stack frames]]>
    </failure>
  </testcase> <!-- clickNewWindowMessage -->
</testsuite> <!-- BrowserWindosTest -->
