<?xml version="1.0" encoding="UTF-8"?>
<!-- Generated by org.testng.reporters.JUnitXMLReporter -->
<testsuite ignored="0" hostname="Prashant" failures="1" tests="6" name="Test" time="11.871" errors="0" timestamp="2024-10-05T02:01:01 IST">
  <testcase classname="tests.TextBoxTest" name="clickonClose" time="2.125"/>
  <testcase classname="tests.TextBoxTest" name="clickonPractice" time="1.918"/>
  <testcase classname="tests.TextBoxTest" name="clickOnElement" time="0.098"/>
  <testcase classname="tests.TextBoxTest" name="clickOnTextbox" time="0.116"/>
  <testcase classname="tests.TextBoxTest" name="fillDetails" time="1.664"/>
  <testcase classname="tests.TextBoxTest" name="validate" time="0.314">
    <failure type="java.lang.AssertionError" message="The following asserts failed:
	expected [Hellojidsd] but found [Ghaziabad ,UP]">
      <![CDATA[java.lang.AssertionError: The following asserts failed:
expected [Hellojidsd] but found [Ghaziabad ,UP]
at pages.TextBoxPage.validate(TextBoxPage.java:91)
at tests.TextBoxTest.validate(TextBoxTest.java:52)
at java.base/java.util.ArrayList.forEach(ArrayList.java:1597)
... Removed 27 stack frames]]>
    </failure>
  </testcase> <!-- validate -->
</testsuite> <!-- Test -->
