<?xml version="1.0" encoding="UTF-8"?>
<!-- Generated by org.testng.reporters.JUnitXMLReporter -->
<testsuite ignored="1" hostname="Prashant" failures="0" tests="4" name="TextBoxTest" time="10.293" errors="0" timestamp="2024-11-14T16:59:17 IST">
  <testcase classname="tests.TextBoxTest" name="@BeforeTest launchurl" time="10.258">
    <failure type="org.openqa.selenium.ElementClickInterceptedException" message="Element &amp;lt;a class=&amp;quot;nav-link&amp;quot; href=&amp;quot;newdemo.html&amp;quot;&amp;gt; is not clickable at point (599,39) because another element &amp;lt;div class=&amp;quot;modal-backdrop fade&amp;quot;&amp;gt; obscures it
Build info: version: &amp;apos;3.141.59&amp;apos;, revision: &amp;apos;e82be7d358&amp;apos;, time: &amp;apos;2018-11-14T08:25:48&amp;apos;
System info: host: &amp;apos;PRASHANT&amp;apos;, ip: &amp;apos;192.168.0.246&amp;apos;, os.name: &amp;apos;Windows 11&amp;apos;, os.arch: &amp;apos;amd64&amp;apos;, os.version: &amp;apos;10.0&amp;apos;, java.version: &amp;apos;22.0.1&amp;apos;
Driver info: org.openqa.selenium.firefox.FirefoxDriver
Capabilities {acceptInsecureCerts: true, browserName: firefox, browserVersion: 132.0.2, javascriptEnabled: true, moz:accessibilityChecks: false, moz:buildID: 20241110231641, moz:geckodriverVersion: 0.35.0, moz:headless: false, moz:platformVersion: 10.0, moz:processID: 11372, moz:profile: C:\Users\Asus\AppData\Local..., moz:shutdownTimeout: 60000, moz:webdriverClick: true, moz:windowless: false, pageLoadStrategy: normal, platform: WINDOWS, platformName: WINDOWS, proxy: Proxy(), setWindowRect: true, strictFileInteractability: false, timeouts: {implicit: 0, pageLoad: 300000, script: 30000}, unhandledPromptBehavior: dismiss and notify, userAgent: Mozilla/5.0 (Windows NT 10....}
Session ID: 131b8e66-e780-40b2-bfc3-629f6afedc48">
      <![CDATA[org.openqa.selenium.ElementClickInterceptedException: Element <a class="nav-link" href="newdemo.html"> is not clickable at point (599,39) because another element <div class="modal-backdrop fade"> obscures it
Build info: version: '3.141.59', revision: 'e82be7d358', time: '2018-11-14T08:25:48'
System info: host: 'PRASHANT', ip: '192.168.0.246', os.name: 'Windows 11', os.arch: 'amd64', os.version: '10.0', java.version: '22.0.1'
Driver info: org.openqa.selenium.firefox.FirefoxDriver
Capabilities {acceptInsecureCerts: true, browserName: firefox, browserVersion: 132.0.2, javascriptEnabled: true, moz:accessibilityChecks: false, moz:buildID: 20241110231641, moz:geckodriverVersion: 0.35.0, moz:headless: false, moz:platformVersion: 10.0, moz:processID: 11372, moz:profile: C:\Users\Asus\AppData\Local..., moz:shutdownTimeout: 60000, moz:webdriverClick: true, moz:windowless: false, pageLoadStrategy: normal, platform: WINDOWS, platformName: WINDOWS, proxy: Proxy(), setWindowRect: true, strictFileInteractability: false, timeouts: {implicit: 0, pageLoad: 300000, script: 30000}, unhandledPromptBehavior: dismiss and notify, userAgent: Mozilla/5.0 (Windows NT 10....}
Session ID: 131b8e66-e780-40b2-bfc3-629f6afedc48
at org.openqa.selenium.remote.http.W3CHttpResponseCodec.createException(W3CHttpResponseCodec.java:187)
at org.openqa.selenium.remote.http.W3CHttpResponseCodec.decode(W3CHttpResponseCodec.java:122)
at org.openqa.selenium.remote.http.W3CHttpResponseCodec.decode(W3CHttpResponseCodec.java:49)
at org.openqa.selenium.remote.HttpCommandExecutor.execute(HttpCommandExecutor.java:158)
at org.openqa.selenium.remote.service.DriverCommandExecutor.execute(DriverCommandExecutor.java:83)
at org.openqa.selenium.remote.RemoteWebDriver.execute(RemoteWebDriver.java:552)
at org.openqa.selenium.remote.RemoteWebElement.execute(RemoteWebElement.java:285)
at org.openqa.selenium.remote.RemoteWebElement.click(RemoteWebElement.java:84)
at baseLibrary.BaseLibrary.launchUrl(BaseLibrary.java:84)
at tests.TextBoxTest.launchurl(TextBoxTest.java:18)
... Removed 25 stack frames]]>
    </failure>
  </testcase> <!-- @BeforeTest launchurl -->
  <testcase classname="baseLibrary.BaseLibrary" name="@AfterMethod getResult" time="-1.731583757203E9">
    <skipped/>
  </testcase> <!-- @AfterMethod getResult -->
  <testcase classname="baseLibrary.BaseLibrary" name="@AfterMethod getResult" time="-1.731583757207E9">
    <skipped/>
  </testcase> <!-- @AfterMethod getResult -->
  <testcase classname="baseLibrary.BaseLibrary" name="@AfterMethod getResult" time="-1.73158375721E9">
    <skipped/>
  </testcase> <!-- @AfterMethod getResult -->
  <testcase classname="baseLibrary.BaseLibrary" name="@AfterMethod getResult" time="-1.731583757212E9">
    <skipped/>
  </testcase> <!-- @AfterMethod getResult -->
  <testcase classname="tests.TextBoxTest" name="clickOnElement" time="0.0">
    <skipped/>
  </testcase> <!-- clickOnElement -->
  <testcase classname="tests.TextBoxTest" name="clickOnTextbox" time="0.0">
    <skipped/>
  </testcase> <!-- clickOnTextbox -->
  <testcase classname="tests.TextBoxTest" name="fillDetails" time="0.0">
    <skipped/>
  </testcase> <!-- fillDetails -->
  <testcase classname="tests.TextBoxTest" name="validate" time="0.0">
    <skipped/>
  </testcase> <!-- validate -->
  <testcase classname="tests.TextBoxTest" name="showDetails" time="0.0">
    <ignored/>
  </testcase> <!-- showDetails -->
</testsuite> <!-- TextBoxTest -->
