<?xml version="1.0" encoding="UTF-8"?>
<!-- Generated by org.testng.reporters.JUnitXMLReporter -->
<testsuite ignored="0" hostname="Prashant" failures="0" tests="2" name="Default test" time="0.086" errors="0" timestamp="2024-11-13T21:00:27 IST">
  <testcase classname="tests.LoginTest" name="@BeforeTest launchurl" time="-1.731511827456E9">
    <failure type="org.testng.TestNGException" message="
Parameter &amp;apos;browser&amp;apos; is required by BeforeTest on method launchurl but has not been marked @Optional or defined
in C:\Users\Asus\AppData\Local\Temp\testng-eclipse--345792719\testng-customsuite.xml">
      <![CDATA[org.testng.TestNGException: 
Parameter 'browser' is required by BeforeTest on method launchurl but has not been marked @Optional or defined
in C:\Users\Asus\AppData\Local\Temp\testng-eclipse--345792719\testng-customsuite.xml
at org.testng.internal.Parameters.createParams(Parameters.java:270)
at org.testng.internal.Parameters.createParametersForMethod(Parameters.java:358)
at org.testng.internal.Parameters.createParameters(Parameters.java:700)
at org.testng.internal.Parameters.createConfigurationParameters(Parameters.java:168)
at org.testng.internal.ConfigInvoker.invokeConfigurations(ConfigInvoker.java:302)
at org.testng.TestRunner.invokeTestConfigurations(TestRunner.java:637)
at org.testng.TestRunner.beforeRun(TestRunner.java:627)
at org.testng.TestRunner.run(TestRunner.java:589)
at org.testng.SuiteRunner.runTest(SuiteRunner.java:377)
at org.testng.SuiteRunner.runSequentially(SuiteRunner.java:371)
at org.testng.SuiteRunner.privateRun(SuiteRunner.java:332)
at org.testng.SuiteRunner.run(SuiteRunner.java:276)
at org.testng.SuiteRunnerWorker.runSuite(SuiteRunnerWorker.java:53)
at org.testng.SuiteRunnerWorker.run(SuiteRunnerWorker.java:96)
at org.testng.TestNG.runSuitesSequentially(TestNG.java:1212)
at org.testng.TestNG.runSuitesLocally(TestNG.java:1134)
at org.testng.TestNG.runSuites(TestNG.java:1063)
at org.testng.TestNG.run(TestNG.java:1031)
at org.testng.remote.AbstractRemoteTestNG.run(AbstractRemoteTestNG.java:115)
at org.testng.remote.RemoteTestNG.initAndRun(RemoteTestNG.java:293)
at org.testng.remote.RemoteTestNG.main(RemoteTestNG.java:91)
]]>
    </failure>
  </testcase> <!-- @BeforeTest launchurl -->
  <testcase classname="baseLibrary.BaseLibrary" name="@AfterMethod getResult" time="-1.731511827522E9">
    <skipped/>
  </testcase> <!-- @AfterMethod getResult -->
  <testcase classname="baseLibrary.BaseLibrary" name="@AfterMethod getResult" time="-1.731511827529E9">
    <skipped/>
  </testcase> <!-- @AfterMethod getResult -->
  <testcase classname="tests.LoginTest" name="getTitle" time="0.0">
    <skipped/>
  </testcase> <!-- getTitle -->
  <testcase classname="tests.LoginTest" name="getUrl" time="0.0">
    <skipped/>
  </testcase> <!-- getUrl -->
</testsuite> <!-- Default test -->
