<?xml version="1.0" encoding="UTF-8"?>
<!-- Generated by org.testng.reporters.JUnitReportReporter -->
<testsuite hostname="Prashant" failures="1" tests="3" name="tests.ModelDialogTest" time="1.291" errors="0" timestamp="2024-11-11T12:44:47 IST" skipped="0">
  <testcase classname="tests.ModelDialogTest" name="alertFrameWindow" time="0.370"/>
  <system-out/>
  <testcase classname="tests.ModelDialogTest" name="modelFold" time="0.744"/>
  <system-out/>
  <testcase classname="tests.ModelDialogTest" name="modelFoldValid" time="0.177">
    <failure message="expected [This is a small modal. It has very less content] but found [[[ChromeDriver: chrome on WINDOWS (531d6a2d981ee350698dec39aeded1fd)] -&gt; xpath: //h5[text()=&#039;Small Modal&#039;]//parent::div//parent::div//div[@class=&#039;modal-body&#039;]]]" type="java.lang.AssertionError">
      <![CDATA[java.lang.AssertionError: expected [This is a small modal. It has very less content] but found [[[ChromeDriver: chrome on WINDOWS (531d6a2d981ee350698dec39aeded1fd)] -> xpath: //h5[text()='Small Modal']//parent::div//parent::div//div[@class='modal-body']]]
at org.testng.Assert.fail(Assert.java:99)
at org.testng.Assert.failNotEquals(Assert.java:1037)
at org.testng.Assert.assertEqualsImpl(Assert.java:140)
at org.testng.Assert.assertEquals(Assert.java:122)
at org.testng.Assert.assertEquals(Assert.java:617)
at pages.ModelDialogPage.modelFoldValid(ModelDialogPage.java:56)
at tests.ModelDialogTest.modelFoldValid(ModelDialogTest.java:30)
at java.base/jdk.internal.reflect.DirectMethodHandleAccessor.invoke(DirectMethodHandleAccessor.java:103)
at java.base/java.lang.reflect.Method.invoke(Method.java:580)
at org.testng.internal.MethodInvocationHelper.invokeMethod(MethodInvocationHelper.java:133)
at org.testng.internal.TestInvoker.invokeMethod(TestInvoker.java:598)
at org.testng.internal.TestInvoker.invokeTestMethod(TestInvoker.java:173)
at org.testng.internal.MethodRunner.runInSequence(MethodRunner.java:46)
at org.testng.internal.TestInvoker$MethodInvocationAgent.invoke(TestInvoker.java:824)
at org.testng.internal.TestInvoker.invokeTestMethods(TestInvoker.java:146)
at org.testng.internal.TestMethodWorker.invokeTestMethods(TestMethodWorker.java:146)
at org.testng.internal.TestMethodWorker.run(TestMethodWorker.java:128)
at java.base/java.util.ArrayList.forEach(ArrayList.java:1597)
at org.testng.TestRunner.privateRun(TestRunner.java:794)
at org.testng.TestRunner.run(TestRunner.java:596)
at org.testng.SuiteRunner.runTest(SuiteRunner.java:377)
at org.testng.SuiteRunner.runSequentially(SuiteRunner.java:371)
at org.testng.SuiteRunner.privateRun(SuiteRunner.java:332)
at org.testng.SuiteRunner.run(SuiteRunner.java:276)
at org.testng.SuiteRunnerWorker.runSuite(SuiteRunnerWorker.java:53)
at org.testng.SuiteRunnerWorker.run(SuiteRunnerWorker.java:96)
at org.testng.TestNG.runSuitesSequentially(TestNG.java:1212)
at org.testng.TestNG.runSuitesLocally(TestNG.java:1134)
at org.testng.TestNG.runSuites(TestNG.java:1063)
at org.testng.TestNG.run(TestNG.java:1031)
at org.testng.remote.AbstractRemoteTestNG.run(AbstractRemoteTestNG.java:115)
at org.testng.remote.RemoteTestNG.initAndRun(RemoteTestNG.java:293)
at org.testng.remote.RemoteTestNG.main(RemoteTestNG.java:91)
]]>
    </failure>
  </testcase> <!-- modelFoldValid -->
  <system-out/>
</testsuite> <!-- tests.ModelDialogTest -->
